[2m2026-05-05T23:27:49.380612Z[0m [32m INFO[0m [2mregista::app::plan[0m[2m:[0m 🤖 Invocando PO para generar/corregir historias...
[2m2026-05-05T23:27:49.383283Z[0m [32m INFO[0m [2mregista::infra::agent[0m[2m:[0m   [1/5] invocando pi (./.pi/skills/product-owner/SKILL.md)
[2m2026-05-05T23:31:55.028679Z[0m [32m INFO[0m [2mregista::infra::agent[0m[2m:[0m   ✓ agente completado (intento 1)
[2m2026-05-05T23:31:55.029248Z[0m [32m INFO[0m [2mregista::app::plan[0m[2m:[0m   📊 Generadas: 28 historias, 10 épicas
[2m2026-05-05T23:31:55.047188Z[0m [32m INFO[0m [2mregista::app::plan[0m[2m:[0m ✅ Grafo de dependencias correcto tras 2 iteraciones.
[2m2026-05-05T23:31:55.047229Z[0m [32m INFO[0m [2mregista::cli::handlers[0m[2m:[0m Groom completado: 28 historias, 10 épicas, deps=limpias
[2m2026-05-05T23:31:55.050322Z[0m [32m INFO[0m [2mregista::app::pipeline[0m[2m:[0m max_iterations auto: 168 (28 historias × 6)
[2m2026-05-05T23:31:55.050361Z[0m [32m INFO[0m [2mregista::app::pipeline[0m[2m:[0m ══════ Iteración 1 ══════
[2m2026-05-05T23:31:55.054315Z[0m [32m INFO[0m [2mregista::app::pipeline[0m[2m:[0m   🎯 Dev (implement) (pi) | STORY-022 (Tests Ready → In Review)
[2m2026-05-05T23:31:55.106364Z[0m [32m INFO[0m [2mregista::infra::agent[0m[2m:[0m   [1/5] invocando pi (./.pi/skills/developer/SKILL.md)
[2m2026-05-05T23:34:16.819143Z[0m [32m INFO[0m [2mregista::infra::agent[0m[2m:[0m   ✓ agente completado (intento 1)
[2m2026-05-05T23:34:16.821010Z[0m [33m WARN[0m [2mregista::app::pipeline[0m[2m:[0m   ⚠ STORY-022: el agente no cambió el estado (sigue en Tests Ready)
[2m2026-05-05T23:34:16.821401Z[0m [32m INFO[0m [2mregista::app::pipeline[0m[2m:[0m ══════ Iteración 2 ══════
[2m2026-05-05T23:34:16.825268Z[0m [32m INFO[0m [2mregista::app::pipeline[0m[2m:[0m   🎯 Dev (implement) (pi) | STORY-022 (Tests Ready → In Review)
[2m2026-05-05T23:34:16.878090Z[0m [32m INFO[0m [2mregista::infra::agent[0m[2m:[0m   [1/5] invocando pi (./.pi/skills/developer/SKILL.md)
[2m2026-05-05T23:36:59.712775Z[0m [32m INFO[0m [2mregista::infra::agent[0m[2m:[0m   ✓ agente completado (intento 1)
[2m2026-05-05T23:36:59.717140Z[0m [33m WARN[0m [2mregista::app::pipeline[0m[2m:[0m   ⚠ STORY-022: el agente no cambió el estado (sigue en Tests Ready)
[2m2026-05-05T23:36:59.717977Z[0m [32m INFO[0m [2mregista::app::pipeline[0m[2m:[0m ══════ Iteración 3 ══════
[2m2026-05-05T23:36:59.728517Z[0m [32m INFO[0m [2mregista::app::pipeline[0m[2m:[0m   🎯 Dev (implement) (pi) | STORY-022 (Tests Ready → In Review)
[2m2026-05-05T23:36:59.792483Z[0m [32m INFO[0m [2mregista::infra::agent[0m[2m:[0m   [1/5] invocando pi (./.pi/skills/developer/SKILL.md)
[2m2026-05-05T23:38:43.163611Z[0m [32m INFO[0m [2mregista::infra::agent[0m[2m:[0m   ✓ agente completado (intento 1)
[2m2026-05-05T23:38:43.170048Z[0m [33m WARN[0m [2mregista::app::pipeline[0m[2m:[0m   ⚠ STORY-022: el agente no cambió el estado (sigue en Tests Ready)
[2m2026-05-05T23:38:43.170917Z[0m [32m INFO[0m [2mregista::app::pipeline[0m[2m:[0m ══════ Iteración 4 ══════
[2m2026-05-05T23:38:43.182160Z[0m [32m INFO[0m [2mregista::app::pipeline[0m[2m:[0m   🎯 Dev (implement) (pi) | STORY-022 (Tests Ready → In Review)
[2m2026-05-05T23:38:43.243915Z[0m [32m INFO[0m [2mregista::infra::agent[0m[2m:[0m   [1/5] invocando pi (./.pi/skills/developer/SKILL.md)
[2m2026-05-05T23:42:23.645944Z[0m [32m INFO[0m [2mregista::infra::agent[0m[2m:[0m   ✓ agente completado (intento 1)
[2m2026-05-05T23:42:23.650612Z[0m [33m WARN[0m [2mregista::app::pipeline[0m[2m:[0m   ⚠ STORY-022: el agente no cambió el estado (sigue en Tests Ready)
[2m2026-05-05T23:42:23.651311Z[0m [32m INFO[0m [2mregista::app::pipeline[0m[2m:[0m ══════ Iteración 5 ══════
[2m2026-05-05T23:42:23.663237Z[0m [32m INFO[0m [2mregista::app::pipeline[0m[2m:[0m   🎯 Dev (implement) (pi) | STORY-022 (Tests Ready → In Review)
[2m2026-05-05T23:42:23.705363Z[0m [32m INFO[0m [2mregista::infra::agent[0m[2m:[0m   [1/5] invocando pi (./.pi/skills/developer/SKILL.md)
[2m2026-05-05T23:46:41.093277Z[0m [32m INFO[0m [2mregista::infra::agent[0m[2m:[0m   ✓ agente completado (intento 1)
[2m2026-05-05T23:46:41.101627Z[0m [33m WARN[0m [2mregista::app::pipeline[0m[2m:[0m   ⚠ STORY-022: el agente no cambió el estado (sigue en Tests Ready)
[2m2026-05-05T23:46:41.102309Z[0m [32m INFO[0m [2mregista::app::pipeline[0m[2m:[0m ══════ Iteración 6 ══════
[2m2026-05-05T23:46:41.112563Z[0m [32m INFO[0m [2mregista::app::pipeline[0m[2m:[0m   🎯 Dev (implement) (pi) | STORY-022 (Tests Ready → In Review)
[2m2026-05-05T23:46:41.149787Z[0m [32m INFO[0m [2mregista::infra::agent[0m[2m:[0m   [1/5] invocando pi (./.pi/skills/developer/SKILL.md)
[2m2026-05-05T23:50:09.104533Z[0m [32m INFO[0m [2mregista::infra::agent[0m[2m:[0m   ✓ agente completado (intento 1)
[2m2026-05-05T23:50:09.109720Z[0m [33m WARN[0m [2mregista::app::pipeline[0m[2m:[0m   ⚠ STORY-022: el agente no cambió el estado (sigue en Tests Ready)
[2m2026-05-05T23:50:09.110756Z[0m [32m INFO[0m [2mregista::app::pipeline[0m[2m:[0m ══════ Iteración 7 ══════
[2m2026-05-05T23:50:09.123078Z[0m [32m INFO[0m [2mregista::app::pipeline[0m[2m:[0m   🎯 Dev (implement) (pi) | STORY-022 (Tests Ready → In Review)
[2m2026-05-05T23:50:09.200927Z[0m [32m INFO[0m [2mregista::infra::agent[0m[2m:[0m   [1/5] invocando pi (./.pi/skills/developer/SKILL.md)
[2m2026-05-05T23:53:44.294042Z[0m [32m INFO[0m [2mregista::infra::agent[0m[2m:[0m   ✓ agente completado (intento 1)
[2m2026-05-05T23:53:44.299217Z[0m [33m WARN[0m [2mregista::app::pipeline[0m[2m:[0m   ⚠ STORY-022: el agente no cambió el estado (sigue en Tests Ready)
[2m2026-05-05T23:53:44.300095Z[0m [32m INFO[0m [2mregista::app::pipeline[0m[2m:[0m ══════ Iteración 8 ══════
[2m2026-05-05T23:53:44.312634Z[0m [32m INFO[0m [2mregista::app::pipeline[0m[2m:[0m   🎯 Dev (implement) (pi) | STORY-022 (Tests Ready → In Review)
[2m2026-05-05T23:53:44.379985Z[0m [32m INFO[0m [2mregista::infra::agent[0m[2m:[0m   [1/5] invocando pi (./.pi/skills/developer/SKILL.md)
[2m2026-05-05T23:57:46.806282Z[0m [32m INFO[0m [2mregista::infra::agent[0m[2m:[0m   ✓ agente completado (intento 1)
[2m2026-05-05T23:57:46.808826Z[0m [33m WARN[0m [2mregista::app::pipeline[0m[2m:[0m   ⚠ STORY-022: el agente no cambió el estado (sigue en Tests Ready)
[2m2026-05-05T23:57:46.809249Z[0m [32m INFO[0m [2mregista::app::pipeline[0m[2m:[0m ══════ Iteración 9 ══════
[2m2026-05-05T23:57:46.816619Z[0m [32m INFO[0m [2mregista::app::pipeline[0m[2m:[0m   🎯 Dev (implement) (pi) | STORY-022 (Tests Ready → In Review)
[2m2026-05-05T23:57:46.863233Z[0m [32m INFO[0m [2mregista::infra::agent[0m[2m:[0m   [1/5] invocando pi (./.pi/skills/developer/SKILL.md)
[2m2026-05-06T00:01:56.646635Z[0m [32m INFO[0m [2mregista::infra::agent[0m[2m:[0m   ✓ agente completado (intento 1)
[2m2026-05-06T00:01:56.651521Z[0m [33m WARN[0m [2mregista::app::pipeline[0m[2m:[0m   ⚠ STORY-022: el agente no cambió el estado (sigue en Tests Ready)
[2m2026-05-06T00:01:56.652804Z[0m [32m INFO[0m [2mregista::app::pipeline[0m[2m:[0m ══════ Iteración 10 ══════
[2m2026-05-06T00:01:56.661692Z[0m [32m INFO[0m [2mregista::app::pipeline[0m[2m:[0m   🎯 Dev (implement) (pi) | STORY-022 (Tests Ready → In Review)
[2m2026-05-06T00:01:56.716209Z[0m [32m INFO[0m [2mregista::infra::agent[0m[2m:[0m   [1/5] invocando pi (./.pi/skills/developer/SKILL.md)
[2m2026-05-06T00:04:49.002418Z[0m [32m INFO[0m [2mregista::infra::agent[0m[2m:[0m   ✓ agente completado (intento 1)
[2m2026-05-06T00:04:49.009030Z[0m [33m WARN[0m [2mregista::app::pipeline[0m[2m:[0m   ⚠ STORY-022: el agente no cambió el estado (sigue en Tests Ready)
[2m2026-05-06T00:04:49.009967Z[0m [32m INFO[0m [2mregista::app::pipeline[0m[2m:[0m ══════ Iteración 11 ══════
[2m2026-05-06T00:04:49.022045Z[0m [32m INFO[0m [2mregista::app::pipeline[0m[2m:[0m   🎯 Dev (implement) (pi) | STORY-022 (Tests Ready → In Review)
[2m2026-05-06T00:04:49.070218Z[0m [32m INFO[0m [2mregista::infra::agent[0m[2m:[0m   [1/5] invocando pi (./.pi/skills/developer/SKILL.md)
[2m2026-05-06T00:08:21.800235Z[0m [32m INFO[0m [2mregista::infra::agent[0m[2m:[0m   ✓ agente completado (intento 1)
[2m2026-05-06T00:08:21.803195Z[0m [33m WARN[0m [2mregista::app::pipeline[0m[2m:[0m   ⚠ STORY-022: el agente no cambió el estado (sigue en Tests Ready)
[2m2026-05-06T00:08:21.804299Z[0m [32m INFO[0m [2mregista::app::pipeline[0m[2m:[0m ══════ Iteración 12 ══════
[2m2026-05-06T00:08:21.818768Z[0m [32m INFO[0m [2mregista::app::pipeline[0m[2m:[0m   🎯 Dev (implement) (pi) | STORY-022 (Tests Ready → In Review)
[2m2026-05-06T00:08:21.864336Z[0m [32m INFO[0m [2mregista::infra::agent[0m[2m:[0m   [1/5] invocando pi (./.pi/skills/developer/SKILL.md)
[2m2026-05-06T00:10:39.997037Z[0m [32m INFO[0m [2mregista::infra::agent[0m[2m:[0m   ✓ agente completado (intento 1)
[2m2026-05-06T00:10:40.003126Z[0m [33m WARN[0m [2mregista::app::pipeline[0m[2m:[0m   ⚠ STORY-022: el agente no cambió el estado (sigue en Tests Ready)
[2m2026-05-06T00:10:40.003944Z[0m [32m INFO[0m [2mregista::app::pipeline[0m[2m:[0m ══════ Iteración 13 ══════
[2m2026-05-06T00:10:40.016602Z[0m [32m INFO[0m [2mregista::app::pipeline[0m[2m:[0m   🎯 Dev (implement) (pi) | STORY-022 (Tests Ready → In Review)
[2m2026-05-06T00:10:40.071078Z[0m [32m INFO[0m [2mregista::infra::agent[0m[2m:[0m   [1/5] invocando pi (./.pi/skills/developer/SKILL.md)
[2m2026-05-06T00:18:17.964370Z[0m [32m INFO[0m [2mregista::infra::agent[0m[2m:[0m   ✓ agente completado (intento 1)
[2m2026-05-06T00:18:17.969662Z[0m [33m WARN[0m [2mregista::app::pipeline[0m[2m:[0m   ⚠ STORY-022: el agente no cambió el estado (sigue en Tests Ready)
[2m2026-05-06T00:18:17.970303Z[0m [32m INFO[0m [2mregista::app::pipeline[0m[2m:[0m ══════ Iteración 14 ══════
[2m2026-05-06T00:18:17.983271Z[0m [32m INFO[0m [2mregista::app::pipeline[0m[2m:[0m   🎯 Dev (implement) (pi) | STORY-022 (Tests Ready → In Review)
[2m2026-05-06T00:18:18.043200Z[0m [32m INFO[0m [2mregista::infra::agent[0m[2m:[0m   [1/5] invocando pi (./.pi/skills/developer/SKILL.md)
[2m2026-05-06T00:20:51.250641Z[0m [32m INFO[0m [2mregista::infra::agent[0m[2m:[0m   ✓ agente completado (intento 1)
[2m2026-05-06T00:20:51.254951Z[0m [33m WARN[0m [2mregista::app::pipeline[0m[2m:[0m   ⚠ STORY-022: el agente no cambió el estado (sigue en Tests Ready)
[2m2026-05-06T00:20:51.255944Z[0m [32m INFO[0m [2mregista::app::pipeline[0m[2m:[0m ══════ Iteración 15 ══════
[2m2026-05-06T00:20:51.264643Z[0m [32m INFO[0m [2mregista::app::pipeline[0m[2m:[0m   🎯 Dev (implement) (pi) | STORY-022 (Tests Ready → In Review)
[2m2026-05-06T00:20:51.342294Z[0m [32m INFO[0m [2mregista::infra::agent[0m[2m:[0m   [1/5] invocando pi (./.pi/skills/developer/SKILL.md)
[2m2026-05-06T00:26:17.911197Z[0m [32m INFO[0m [2mregista::infra::agent[0m[2m:[0m   ✓ agente completado (intento 1)
[2m2026-05-06T00:26:17.913317Z[0m [33m WARN[0m [2mregista::app::pipeline[0m[2m:[0m   ⚠ STORY-022: el agente no cambió el estado (sigue en Tests Ready)
[2m2026-05-06T00:26:17.913727Z[0m [32m INFO[0m [2mregista::app::pipeline[0m[2m:[0m ══════ Iteración 16 ══════
[2m2026-05-06T00:26:17.918926Z[0m [32m INFO[0m [2mregista::app::pipeline[0m[2m:[0m   🎯 Dev (implement) (pi) | STORY-022 (Tests Ready → In Review)
