[2m2026-05-06T14:17:18.069479Z[0m [32m INFO[0m [2mregista::cli::handlers[0m[2m:[0m ═══════════════════════════════════════════════════════════
🛰️  regista v0.9.3 — sesión iniciada 2026-05-06 14:17:18 UTC
   Proyecto   : .
   Provider    : pi
   Modelos     : PO=opencode/minimax-m2.5-free, QA=opencode/minimax-m2.5-free, Dev=opencode/minimax-m2.5-free, Reviewer=opencode/minimax-m2.5-free
   Límites     : max_iter=168 (28 stories × 6), max_reject=8, timeout=1800s
   Git         : habilitado
   Hooks       : ninguno
═══════════════════════════════════════════════════════════
[2m2026-05-06T14:17:18.069900Z[0m [32m INFO[0m [2mregista::infra::checkpoint[0m[2m:[0m 📂 checkpoint cargado: iteración 127, 1 ciclos de rechazo acumulados
[2m2026-05-06T14:17:18.071343Z[0m [32m INFO[0m [2mregista::app::pipeline[0m[2m:[0m 📂 Reanudando desde checkpoint: iteración 127
[2m2026-05-06T14:17:18.088315Z[0m [32m INFO[0m [2mregista::app::pipeline[0m[2m:[0m max_iterations auto: 168 (28 historias × 6)
[2m2026-05-06T14:17:18.088351Z[0m [32m INFO[0m [2mregista::app::pipeline[0m[2m:[0m ══════ Iteración 128 ══════
[2m2026-05-06T14:17:18.094725Z[0m [32m INFO[0m [2mregista::app::pipeline[0m[2m:[0m   🎯 Reviewer | STORY-027 | pi [opencode/minimax-m2.5-free]
[2m2026-05-06T14:17:18.183400Z[0m [32m INFO[0m [2mregista::infra::agent[0m[2m:[0m   [1/5] invocando pi (./.pi/skills/reviewer/SKILL.md)
[2m2026-05-06T14:25:17.385784Z[0m [32m INFO[0m [2mregista::infra::agent[0m[2m:[0m   ✓ agente completado (intento 1)
[2m2026-05-06T14:25:17.397472Z[0m [32m INFO[0m [2mregista::app::pipeline[0m[2m:[0m ══════ Iteración 129 ══════
[2m2026-05-06T14:25:17.415417Z[0m [32m INFO[0m [2mregista::app::pipeline[0m[2m:[0m   🎯 PO (validate) | STORY-027 | pi [opencode/minimax-m2.5-free]
[2m2026-05-06T14:25:17.486822Z[0m [32m INFO[0m [2mregista::infra::agent[0m[2m:[0m   [1/5] invocando pi (./.pi/skills/product-owner/SKILL.md)
[2m2026-05-06T14:34:52.115515Z[0m [32m INFO[0m [2mregista::infra::agent[0m[2m:[0m   ✓ agente completado (intento 1)
[2m2026-05-06T14:34:52.123389Z[0m [32m INFO[0m [2mregista::app::pipeline[0m[2m:[0m ══════ Iteración 130 ══════
[2m2026-05-06T14:34:52.128902Z[0m [32m INFO[0m [2mregista::app::pipeline[0m[2m:[0m 🔓 STORY-028: dependencias resueltas → Ready
[2m2026-05-06T14:34:52.129348Z[0m [32m INFO[0m [2mregista::app::pipeline[0m[2m:[0m   🎯 QA (tests) | STORY-024 | pi [opencode/minimax-m2.5-free]
[2m2026-05-06T14:34:52.193305Z[0m [32m INFO[0m [2mregista::infra::agent[0m[2m:[0m   [1/5] invocando pi (./.pi/skills/qa-engineer/SKILL.md)
[2m2026-05-06T15:01:10.786284Z[0m [32m INFO[0m [2mregista::infra::agent[0m[2m:[0m   ✓ agente completado (intento 1)
[2m2026-05-06T15:01:11.491289Z[0m [33m WARN[0m [2mregista::app::pipeline[0m[2m:[0m   ⚠ STORY-024: el agente completó pero el estado sigue en Ready — ciclo 1/8. Cambios preservados.
[2m2026-05-06T15:01:11.491362Z[0m [32m INFO[0m [2mregista::app::pipeline[0m[2m:[0m   📝 STORY-024: el archivo fue modificado por el agente (cambios preservados)
[2m2026-05-06T15:01:11.492356Z[0m [32m INFO[0m [2mregista::app::pipeline[0m[2m:[0m ══════ Iteración 131 ══════
[2m2026-05-06T15:01:11.504416Z[0m [32m INFO[0m [2mregista::app::pipeline[0m[2m:[0m   🎯 QA (tests) | STORY-024 | pi [opencode/minimax-m2.5-free]
