[2m2026-05-04T22:18:18.131634Z[0m [32m INFO[0m [2mregista::app::plan[0m[2m:[0m 🤖 Invocando PO para generar/corregir historias...
[2m2026-05-04T22:18:18.131757Z[0m [32m INFO[0m [2mregista::infra::agent[0m[2m:[0m   [1/5] invocando pi (./.pi/skills/product-owner/SKILL.md)
[2m2026-05-04T22:27:18.333279Z[0m [32m INFO[0m [2mregista::infra::agent[0m[2m:[0m   ✓ agente completado (intento 1)
[2m2026-05-04T22:27:18.334231Z[0m [32m INFO[0m [2mregista::app::plan[0m[2m:[0m   📊 Generadas: 18 historias, 6 épicas
[2m2026-05-04T22:27:18.341778Z[0m [32m INFO[0m [2mregista::app::plan[0m[2m:[0m ✅ Grafo de dependencias correcto tras 2 iteraciones.
[2m2026-05-04T22:27:18.341843Z[0m [32m INFO[0m [2mregista::cli::handlers[0m[2m:[0m Groom completado: 18 historias, 6 épicas, deps=limpias
[2m2026-05-04T22:27:18.343937Z[0m [32m INFO[0m [2mregista::app::pipeline[0m[2m:[0m max_iterations auto: 108 (18 historias × 6)
[2m2026-05-04T22:27:18.343972Z[0m [32m INFO[0m [2mregista::app::pipeline[0m[2m:[0m ══════ Iteración 1 ══════
[2m2026-05-04T22:27:18.345170Z[0m [32m INFO[0m [2mregista::app::pipeline[0m[2m:[0m ⛔ STORY-008: dependencias no resueltas → Blocked
[2m2026-05-04T22:27:18.345614Z[0m [32m INFO[0m [2mregista::app::pipeline[0m[2m:[0m ⛔ STORY-009: dependencias no resueltas → Blocked
[2m2026-05-04T22:27:18.345846Z[0m [32m INFO[0m [2mregista::app::pipeline[0m[2m:[0m ⛔ STORY-012: dependencias no resueltas → Blocked
[2m2026-05-04T22:27:18.346140Z[0m [32m INFO[0m [2mregista::app::pipeline[0m[2m:[0m ⛔ STORY-017: dependencias no resueltas → Blocked
[2m2026-05-04T22:27:18.346428Z[0m [32m INFO[0m [2mregista::app::pipeline[0m[2m:[0m 🔓 Deadlock → PO debe refinar STORY-007: en Draft — necesita refinamiento del PO (desbloquearía 2 historias)
[2m2026-05-04T22:27:18.346463Z[0m [32m INFO[0m [2mregista::app::pipeline[0m[2m:[0m 🔓 Deadlock detectado: en Draft — necesita refinamiento del PO (desbloquearía 2 historias)
[2m2026-05-04T22:27:18.346505Z[0m [32m INFO[0m [2mregista::app::pipeline[0m[2m:[0m   🎯 PO (plan) (pi) | STORY-007 (Draft → Ready)
[2m2026-05-04T22:27:18.400101Z[0m [32m INFO[0m [2mregista::infra::agent[0m[2m:[0m   [1/5] invocando pi (./.pi/skills/product-owner/SKILL.md)
[2m2026-05-04T22:30:43.579287Z[0m [32m INFO[0m [2mregista::infra::agent[0m[2m:[0m   ✓ agente completado (intento 1)
[2m2026-05-04T22:30:43.579998Z[0m [32m INFO[0m [2mregista::app::pipeline[0m[2m:[0m ══════ Iteración 2 ══════
[2m2026-05-04T22:30:43.581384Z[0m [32m INFO[0m [2mregista::app::pipeline[0m[2m:[0m   🎯 QA (tests) (pi) | STORY-007 (Ready → Tests Ready)
[2m2026-05-04T22:30:43.629510Z[0m [32m INFO[0m [2mregista::infra::agent[0m[2m:[0m   [1/5] invocando pi (./.pi/skills/qa-engineer/SKILL.md)
[2m2026-05-04T22:37:40.735868Z[0m [32m INFO[0m [2mregista::infra::agent[0m[2m:[0m   ✓ agente completado (intento 1)
[2m2026-05-04T22:37:40.736518Z[0m [33m WARN[0m [2mregista::app::pipeline[0m[2m:[0m   ⚠ STORY-007: el agente no cambió el estado (sigue en Ready)
[2m2026-05-04T22:37:40.737105Z[0m [32m INFO[0m [2mregista::app::pipeline[0m[2m:[0m ══════ Iteración 3 ══════
[2m2026-05-04T22:37:40.739047Z[0m [32m INFO[0m [2mregista::app::pipeline[0m[2m:[0m   🎯 QA (tests) (pi) | STORY-007 (Ready → Tests Ready)
[2m2026-05-04T22:37:40.781384Z[0m [32m INFO[0m [2mregista::infra::agent[0m[2m:[0m   [1/5] invocando pi (./.pi/skills/qa-engineer/SKILL.md)
[2m2026-05-04T22:43:08.808901Z[0m [32m INFO[0m [2mregista::infra::agent[0m[2m:[0m   ✓ agente completado (intento 1)
[2m2026-05-04T22:43:08.809828Z[0m [33m WARN[0m [2mregista::app::pipeline[0m[2m:[0m   ⚠ STORY-007: el agente no cambió el estado (sigue en Ready)
[2m2026-05-04T22:43:08.810470Z[0m [32m INFO[0m [2mregista::app::pipeline[0m[2m:[0m ══════ Iteración 4 ══════
[2m2026-05-04T22:43:08.812624Z[0m [32m INFO[0m [2mregista::app::pipeline[0m[2m:[0m   🎯 QA (tests) (pi) | STORY-007 (Ready → Tests Ready)
[2m2026-05-04T22:43:08.866462Z[0m [32m INFO[0m [2mregista::infra::agent[0m[2m:[0m   [1/5] invocando pi (./.pi/skills/qa-engineer/SKILL.md)
[2m2026-05-04T22:47:46.849687Z[0m [32m INFO[0m [2mregista::infra::agent[0m[2m:[0m   ✓ agente completado (intento 1)
[2m2026-05-04T22:47:46.851482Z[0m [32m INFO[0m [2mregista::app::pipeline[0m[2m:[0m ══════ Iteración 5 ══════
[2m2026-05-04T22:47:46.857506Z[0m [32m INFO[0m [2mregista::app::pipeline[0m[2m:[0m   🎯 Dev (implement) (pi) | STORY-007 (Tests Ready → In Review)
[2m2026-05-04T22:47:46.906943Z[0m [32m INFO[0m [2mregista::infra::agent[0m[2m:[0m   [1/5] invocando pi (./.pi/skills/developer/SKILL.md)
[2m2026-05-04T22:53:23.698292Z[0m [32m INFO[0m [2mregista::infra::agent[0m[2m:[0m   ✓ agente completado (intento 1)
[2m2026-05-04T22:53:23.699452Z[0m [32m INFO[0m [2mregista::app::pipeline[0m[2m:[0m ══════ Iteración 6 ══════
[2m2026-05-04T22:53:23.702247Z[0m [32m INFO[0m [2mregista::app::pipeline[0m[2m:[0m   🎯 Reviewer (pi) | STORY-007 (In Review → Business Review)
[2m2026-05-04T22:53:23.741911Z[0m [32m INFO[0m [2mregista::infra::agent[0m[2m:[0m   [1/5] invocando pi (./.pi/skills/reviewer/SKILL.md)
[2m2026-05-04T22:55:30.854421Z[0m [32m INFO[0m [2mregista::infra::agent[0m[2m:[0m   ✓ agente completado (intento 1)
[2m2026-05-04T22:55:30.855641Z[0m [32m INFO[0m [2mregista::app::pipeline[0m[2m:[0m ══════ Iteración 7 ══════
[2m2026-05-04T22:55:30.857447Z[0m [32m INFO[0m [2mregista::app::pipeline[0m[2m:[0m   🎯 PO (validate) (pi) | STORY-007 (Business Review → Done)
